<?xml version="1.0" encoding="UTF-8"?>
<coverage generated="1683303317943" clover="3.2.0">
  <project timestamp="1683303317943" name="All files">
    <metrics statements="17" coveredstatements="17" conditionals="4" coveredconditionals="4" methods="10" coveredmethods="10" elements="31" coveredelements="31" complexity="0" loc="17" ncloc="17" packages="1" files="2" classes="2"/>
    <file name="App.js" path="C:\Users\lisa\Documents\careerfoundry\socialevents\src\App.js">
      <metrics statements="12" coveredstatements="12" conditionals="4" coveredconditionals="4" methods="7" coveredmethods="7"/>
      <line num="11" count="5" type="stmt"/>
      <line num="19" count="5" type="stmt"/>
      <line num="20" count="5" type="stmt"/>
      <line num="21" count="5" type="cond" truecount="2" falsecount="0"/>
      <line num="22" count="3" type="stmt"/>
      <line num="28" count="4" type="stmt"/>
      <line num="31" count="5" type="stmt"/>
      <line num="32" count="2" type="stmt"/>
      <line num="33" count="2" type="cond" truecount="2" falsecount="0"/>
      <line num="35" count="250" type="stmt"/>
      <line num="36" count="2" type="stmt"/>
      <line num="43" count="10" type="stmt"/>
    </file>
    <file name="NumberofEvents.js" path="C:\Users\lisa\Documents\careerfoundry\socialevents\src\NumberofEvents.js">
      <metrics statements="5" coveredstatements="5" conditionals="0" coveredconditionals="0" methods="3" coveredmethods="3"/>
      <line num="4" count="1" type="stmt"/>
      <line num="7" count="1" type="stmt"/>
      <line num="11" count="2" type="stmt"/>
      <line num="13" count="2" type="stmt"/>
      <line num="19" count="1" type="stmt"/>
    </file>
  </project>
</coverage>
