<?xml version="1.0" encoding="UTF-8"?>
<coverage generated="1683134194883" clover="3.2.0">
  <project timestamp="1683134194883" name="All files">
    <metrics statements="38" coveredstatements="36" conditionals="6" coveredconditionals="5" methods="21" coveredmethods="19" elements="65" coveredelements="60" complexity="0" loc="38" ncloc="38" packages="1" files="5" classes="5"/>
    <file name="App.js" path="C:\Users\lisa\Documents\careerfoundry\socialevents\src\App.js">
      <metrics statements="12" coveredstatements="12" conditionals="4" coveredconditionals="4" methods="7" coveredmethods="7"/>
      <line num="10" count="5" type="stmt"/>
      <line num="18" count="5" type="stmt"/>
      <line num="19" count="5" type="stmt"/>
      <line num="20" count="5" type="cond" truecount="2" falsecount="0"/>
      <line num="21" count="3" type="stmt"/>
      <line num="27" count="4" type="stmt"/>
      <line num="30" count="5" type="stmt"/>
      <line num="31" count="2" type="stmt"/>
      <line num="32" count="2" type="cond" truecount="2" falsecount="0"/>
      <line num="34" count="250" type="stmt"/>
      <line num="35" count="2" type="stmt"/>
      <line num="42" count="10" type="stmt"/>
    </file>
    <file name="CitySearch.js" path="C:\Users\lisa\Documents\careerfoundry\socialevents\src\CitySearch.js">
      <metrics statements="14" coveredstatements="14" conditionals="2" coveredconditionals="1" methods="8" coveredmethods="8"/>
      <line num="6" count="5" type="stmt"/>
      <line num="11" count="5" type="stmt"/>
      <line num="12" count="2" type="stmt"/>
      <line num="13" count="2" type="stmt"/>
      <line num="14" count="30" type="stmt"/>
      <line num="16" count="2" type="stmt"/>
      <line num="22" count="5" type="stmt"/>
      <line num="23" count="4" type="stmt"/>
      <line num="27" count="4" type="stmt"/>
      <line num="31" count="22" type="stmt"/>
      <line num="38" count="1" type="stmt"/>
      <line num="42" count="82" type="stmt"/>
      <line num="44" count="2" type="stmt"/>
      <line num="47" count="1" type="stmt"/>
    </file>
    <file name="NumberofEvents.js" path="C:\Users\lisa\Documents\careerfoundry\socialevents\src\NumberofEvents.js">
      <metrics statements="5" coveredstatements="3" conditionals="0" coveredconditionals="0" methods="3" coveredmethods="1"/>
      <line num="4" count="1" type="stmt"/>
      <line num="7" count="0" type="stmt"/>
      <line num="11" count="1" type="stmt"/>
      <line num="13" count="1" type="stmt"/>
      <line num="19" count="0" type="stmt"/>
    </file>
    <file name="api.js" path="C:\Users\lisa\Documents\careerfoundry\socialevents\src\api.js">
      <metrics statements="6" coveredstatements="6" conditionals="0" coveredconditionals="0" methods="3" coveredmethods="3"/>
      <line num="11" count="2" type="stmt"/>
      <line num="12" count="1500" type="stmt"/>
      <line num="13" count="6" type="stmt"/>
      <line num="14" count="6" type="stmt"/>
      <line num="17" count="2" type="stmt"/>
      <line num="18" count="9" type="stmt"/>
    </file>
    <file name="mock-data.js" path="C:\Users\lisa\Documents\careerfoundry\socialevents\src\mock-data.js">
      <metrics statements="1" coveredstatements="1" conditionals="0" coveredconditionals="0" methods="0" coveredmethods="0"/>
      <line num="3" count="2" type="stmt"/>
    </file>
  </project>
</coverage>
