{"C:\\Users\\lisa\\Documents\\careerfoundry\\socialevents\\src\\App.js": {"path":"C:\\Users\\lisa\\Documents\\careerfoundry\\socialevents\\src\\App.js","statementMap":{"0":{"start":{"line":10,"column":10},"end":{"line":15,"column":3}},"1":{"start":{"line":18,"column":4},"end":{"line":18,"column":24}},"2":{"start":{"line":19,"column":4},"end":{"line":23,"column":3}},"3":{"start":{"line":20,"column":6},"end":{"line":22,"column":5}},"4":{"start":{"line":21,"column":6},"end":{"line":21,"column":69}},"5":{"start":{"line":27,"column":2},"end":{"line":27,"column":23}},"6":{"start":{"line":30,"column":17},"end":{"line":39,"column":3}},"7":{"start":{"line":31,"column":4},"end":{"line":38,"column":7}},"8":{"start":{"line":32,"column":29},"end":{"line":34,"column":61}},"9":{"start":{"line":34,"column":33},"end":{"line":34,"column":60}},"10":{"start":{"line":35,"column":6},"end":{"line":37,"column":9}},"11":{"start":{"line":42,"column":4},"end":{"line":47,"column":6}}},"fnMap":{"0":{"name":"(anonymous_0)","decl":{"start":{"line":17,"column":2},"end":{"line":17,"column":3}},"loc":{"start":{"line":17,"column":22},"end":{"line":24,"column":1}},"line":17},"1":{"name":"(anonymous_1)","decl":{"start":{"line":19,"column":21},"end":{"line":19,"column":22}},"loc":{"start":{"line":19,"column":33},"end":{"line":23,"column":1}},"line":19},"2":{"name":"(anonymous_2)","decl":{"start":{"line":26,"column":0},"end":{"line":26,"column":1}},"loc":{"start":{"line":26,"column":22},"end":{"line":28,"column":1}},"line":26},"3":{"name":"(anonymous_3)","decl":{"start":{"line":30,"column":17},"end":{"line":30,"column":18}},"loc":{"start":{"line":30,"column":31},"end":{"line":39,"column":3}},"line":30},"4":{"name":"(anonymous_4)","decl":{"start":{"line":31,"column":21},"end":{"line":31,"column":22}},"loc":{"start":{"line":31,"column":33},"end":{"line":38,"column":5}},"line":31},"5":{"name":"(anonymous_5)","decl":{"start":{"line":34,"column":22},"end":{"line":34,"column":23}},"loc":{"start":{"line":34,"column":33},"end":{"line":34,"column":60}},"line":34},"6":{"name":"(anonymous_6)","decl":{"start":{"line":41,"column":2},"end":{"line":41,"column":3}},"loc":{"start":{"line":41,"column":11},"end":{"line":48,"column":3}},"line":41}},"branchMap":{"0":{"loc":{"start":{"line":20,"column":6},"end":{"line":22,"column":5}},"type":"if","locations":[{"start":{"line":20,"column":6},"end":{"line":22,"column":5}},{"start":{},"end":{}}],"line":20},"1":{"loc":{"start":{"line":32,"column":29},"end":{"line":34,"column":61}},"type":"cond-expr","locations":[{"start":{"line":33,"column":8},"end":{"line":33,"column":14}},{"start":{"line":34,"column":8},"end":{"line":34,"column":61}}],"line":32}},"s":{"0":5,"1":5,"2":5,"3":5,"4":3,"5":4,"6":5,"7":2,"8":2,"9":250,"10":2,"11":10},"f":{"0":5,"1":5,"2":4,"3":2,"4":2,"5":250,"6":10},"b":{"0":[3,2],"1":[1,1]},"_coverageSchema":"1a1c01bbd47fc00a2c39e90264f33305004495a9","hash":"87f4c91f52aa8b95ff655f62f49577c779bca1f4"}
,"C:\\Users\\lisa\\Documents\\careerfoundry\\socialevents\\src\\CitySearch.js": {"path":"C:\\Users\\lisa\\Documents\\careerfoundry\\socialevents\\src\\CitySearch.js","statementMap":{"0":{"start":{"line":6,"column":10},"end":{"line":10,"column":3}},"1":{"start":{"line":11,"column":23},"end":{"line":20,"column":3}},"2":{"start":{"line":12,"column":18},"end":{"line":12,"column":36}},"3":{"start":{"line":13,"column":24},"end":{"line":15,"column":6}},"4":{"start":{"line":14,"column":6},"end":{"line":14,"column":70}},"5":{"start":{"line":16,"column":4},"end":{"line":19,"column":7}},"6":{"start":{"line":22,"column":22},"end":{"line":28,"column":3}},"7":{"start":{"line":23,"column":4},"end":{"line":26,"column":11}},"8":{"start":{"line":27,"column":4},"end":{"line":27,"column":40}},"9":{"start":{"line":31,"column":4},"end":{"line":52,"column":6}},"10":{"start":{"line":38,"column":27},"end":{"line":38,"column":67}},"11":{"start":{"line":42,"column":4},"end":{"line":45,"column":22}},"12":{"start":{"line":44,"column":21},"end":{"line":44,"column":55}},"13":{"start":{"line":47,"column":23},"end":{"line":47,"column":52}}},"fnMap":{"0":{"name":"(anonymous_0)","decl":{"start":{"line":11,"column":23},"end":{"line":11,"column":24}},"loc":{"start":{"line":11,"column":34},"end":{"line":20,"column":3}},"line":11},"1":{"name":"(anonymous_1)","decl":{"start":{"line":13,"column":52},"end":{"line":13,"column":53}},"loc":{"start":{"line":13,"column":66},"end":{"line":15,"column":5}},"line":13},"2":{"name":"(anonymous_2)","decl":{"start":{"line":22,"column":22},"end":{"line":22,"column":23}},"loc":{"start":{"line":22,"column":38},"end":{"line":28,"column":3}},"line":22},"3":{"name":"(anonymous_3)","decl":{"start":{"line":30,"column":2},"end":{"line":30,"column":3}},"loc":{"start":{"line":30,"column":11},"end":{"line":53,"column":3}},"line":30},"4":{"name":"(anonymous_4)","decl":{"start":{"line":38,"column":19},"end":{"line":38,"column":20}},"loc":{"start":{"line":38,"column":25},"end":{"line":38,"column":69}},"line":38},"5":{"name":"(anonymous_5)","decl":{"start":{"line":41,"column":30},"end":{"line":41,"column":31}},"loc":{"start":{"line":42,"column":4},"end":{"line":45,"column":22}},"line":42},"6":{"name":"(anonymous_6)","decl":{"start":{"line":44,"column":15},"end":{"line":44,"column":16}},"loc":{"start":{"line":44,"column":21},"end":{"line":44,"column":55}},"line":44},"7":{"name":"(anonymous_7)","decl":{"start":{"line":47,"column":17},"end":{"line":47,"column":18}},"loc":{"start":{"line":47,"column":23},"end":{"line":47,"column":52}},"line":47}},"branchMap":{"0":{"loc":{"start":{"line":40,"column":43},"end":{"line":40,"column":90}},"type":"cond-expr","locations":[{"start":{"line":40,"column":68},"end":{"line":40,"column":70}},{"start":{"line":40,"column":72},"end":{"line":40,"column":90}}],"line":40}},"s":{"0":5,"1":5,"2":2,"3":2,"4":30,"5":2,"6":5,"7":4,"8":4,"9":22,"10":1,"11":82,"12":2,"13":1},"f":{"0":2,"1":30,"2":4,"3":22,"4":1,"5":82,"6":2,"7":1},"b":{"0":[22,0]},"_coverageSchema":"1a1c01bbd47fc00a2c39e90264f33305004495a9","hash":"62fd3a04b32f29477386ae8e3fc3856a59b2fa1e"}
,"C:\\Users\\lisa\\Documents\\careerfoundry\\socialevents\\src\\NumberofEvents.js": {"path":"C:\\Users\\lisa\\Documents\\careerfoundry\\socialevents\\src\\NumberofEvents.js","statementMap":{"0":{"start":{"line":4,"column":11},"end":{"line":4,"column":22}},"1":{"start":{"line":7,"column":5},"end":{"line":7,"column":35}},"2":{"start":{"line":11,"column":21},"end":{"line":11,"column":31}},"3":{"start":{"line":13,"column":5},"end":{"line":22,"column":7}},"4":{"start":{"line":19,"column":11},"end":{"line":19,"column":46}}},"fnMap":{"0":{"name":"(anonymous_0)","decl":{"start":{"line":6,"column":3},"end":{"line":6,"column":4}},"loc":{"start":{"line":6,"column":20},"end":{"line":8,"column":4}},"line":6},"1":{"name":"(anonymous_1)","decl":{"start":{"line":10,"column":3},"end":{"line":10,"column":4}},"loc":{"start":{"line":10,"column":12},"end":{"line":23,"column":4}},"line":10},"2":{"name":"(anonymous_2)","decl":{"start":{"line":18,"column":19},"end":{"line":18,"column":20}},"loc":{"start":{"line":18,"column":30},"end":{"line":20,"column":10}},"line":18}},"branchMap":{},"s":{"0":1,"1":0,"2":1,"3":1,"4":0},"f":{"0":0,"1":1,"2":0},"b":{},"_coverageSchema":"1a1c01bbd47fc00a2c39e90264f33305004495a9","hash":"e97e685b25f6a6893d9eae31750f2ba5314d41a6"}
,"C:\\Users\\lisa\\Documents\\careerfoundry\\socialevents\\src\\api.js": {"path":"C:\\Users\\lisa\\Documents\\careerfoundry\\socialevents\\src\\api.js","statementMap":{"0":{"start":{"line":11,"column":32},"end":{"line":15,"column":1}},"1":{"start":{"line":12,"column":25},"end":{"line":12,"column":62}},"2":{"start":{"line":12,"column":47},"end":{"line":12,"column":61}},"3":{"start":{"line":13,"column":18},"end":{"line":13,"column":48}},"4":{"start":{"line":14,"column":2},"end":{"line":14,"column":19}},"5":{"start":{"line":17,"column":25},"end":{"line":19,"column":1}},"6":{"start":{"line":18,"column":2},"end":{"line":18,"column":18}}},"fnMap":{"0":{"name":"(anonymous_0)","decl":{"start":{"line":11,"column":32},"end":{"line":11,"column":33}},"loc":{"start":{"line":11,"column":44},"end":{"line":15,"column":1}},"line":11},"1":{"name":"(anonymous_1)","decl":{"start":{"line":12,"column":36},"end":{"line":12,"column":37}},"loc":{"start":{"line":12,"column":47},"end":{"line":12,"column":61}},"line":12},"2":{"name":"(anonymous_2)","decl":{"start":{"line":17,"column":25},"end":{"line":17,"column":26}},"loc":{"start":{"line":17,"column":37},"end":{"line":19,"column":1}},"line":17}},"branchMap":{},"s":{"0":2,"1":6,"2":1500,"3":6,"4":6,"5":2,"6":9},"f":{"0":6,"1":1500,"2":9},"b":{},"_coverageSchema":"1a1c01bbd47fc00a2c39e90264f33305004495a9","hash":"ffe6109dff2e080464d06877ddabc2066d790d41"}
,"C:\\Users\\lisa\\Documents\\careerfoundry\\socialevents\\src\\mock-data.js": {"path":"C:\\Users\\lisa\\Documents\\careerfoundry\\socialevents\\src\\mock-data.js","statementMap":{"0":{"start":{"line":3,"column":17},"end":{"line":15741,"column":1}}},"fnMap":{},"branchMap":{},"s":{"0":2},"f":{},"b":{},"_coverageSchema":"1a1c01bbd47fc00a2c39e90264f33305004495a9","hash":"f3fc5df9633992a89114f103017f6bc9921237c4"}
}
