{"C:\\Users\\lisa\\Documents\\careerfoundry\\socialevents\\src\\App.js": {"path":"C:\\Users\\lisa\\Documents\\careerfoundry\\socialevents\\src\\App.js","statementMap":{"0":{"start":{"line":11,"column":10},"end":{"line":16,"column":3}},"1":{"start":{"line":19,"column":4},"end":{"line":19,"column":24}},"2":{"start":{"line":20,"column":4},"end":{"line":24,"column":3}},"3":{"start":{"line":21,"column":6},"end":{"line":23,"column":5}},"4":{"start":{"line":22,"column":6},"end":{"line":22,"column":69}},"5":{"start":{"line":28,"column":2},"end":{"line":28,"column":23}},"6":{"start":{"line":31,"column":17},"end":{"line":40,"column":3}},"7":{"start":{"line":32,"column":4},"end":{"line":39,"column":7}},"8":{"start":{"line":33,"column":29},"end":{"line":35,"column":61}},"9":{"start":{"line":35,"column":33},"end":{"line":35,"column":60}},"10":{"start":{"line":36,"column":6},"end":{"line":38,"column":9}},"11":{"start":{"line":43,"column":4},"end":{"line":49,"column":6}}},"fnMap":{"0":{"name":"(anonymous_0)","decl":{"start":{"line":18,"column":2},"end":{"line":18,"column":3}},"loc":{"start":{"line":18,"column":22},"end":{"line":25,"column":1}},"line":18},"1":{"name":"(anonymous_1)","decl":{"start":{"line":20,"column":21},"end":{"line":20,"column":22}},"loc":{"start":{"line":20,"column":33},"end":{"line":24,"column":1}},"line":20},"2":{"name":"(anonymous_2)","decl":{"start":{"line":27,"column":0},"end":{"line":27,"column":1}},"loc":{"start":{"line":27,"column":22},"end":{"line":29,"column":1}},"line":27},"3":{"name":"(anonymous_3)","decl":{"start":{"line":31,"column":17},"end":{"line":31,"column":18}},"loc":{"start":{"line":31,"column":31},"end":{"line":40,"column":3}},"line":31},"4":{"name":"(anonymous_4)","decl":{"start":{"line":32,"column":21},"end":{"line":32,"column":22}},"loc":{"start":{"line":32,"column":33},"end":{"line":39,"column":5}},"line":32},"5":{"name":"(anonymous_5)","decl":{"start":{"line":35,"column":22},"end":{"line":35,"column":23}},"loc":{"start":{"line":35,"column":33},"end":{"line":35,"column":60}},"line":35},"6":{"name":"(anonymous_6)","decl":{"start":{"line":42,"column":2},"end":{"line":42,"column":3}},"loc":{"start":{"line":42,"column":11},"end":{"line":50,"column":3}},"line":42}},"branchMap":{"0":{"loc":{"start":{"line":21,"column":6},"end":{"line":23,"column":5}},"type":"if","locations":[{"start":{"line":21,"column":6},"end":{"line":23,"column":5}},{"start":{},"end":{}}],"line":21},"1":{"loc":{"start":{"line":33,"column":29},"end":{"line":35,"column":61}},"type":"cond-expr","locations":[{"start":{"line":34,"column":8},"end":{"line":34,"column":14}},{"start":{"line":35,"column":8},"end":{"line":35,"column":61}}],"line":33}},"s":{"0":5,"1":5,"2":5,"3":5,"4":3,"5":4,"6":5,"7":2,"8":2,"9":250,"10":2,"11":10},"f":{"0":5,"1":5,"2":4,"3":2,"4":2,"5":250,"6":10},"b":{"0":[3,2],"1":[1,1]},"_coverageSchema":"1a1c01bbd47fc00a2c39e90264f33305004495a9","hash":"8b1baa933c8f22d48540cefef83872e7b7c526de"}
,"C:\\Users\\lisa\\Documents\\careerfoundry\\socialevents\\src\\NumberofEvents.js": {"path":"C:\\Users\\lisa\\Documents\\careerfoundry\\socialevents\\src\\NumberofEvents.js","statementMap":{"0":{"start":{"line":4,"column":11},"end":{"line":4,"column":25}},"1":{"start":{"line":7,"column":5},"end":{"line":7,"column":35}},"2":{"start":{"line":11,"column":23},"end":{"line":11,"column":33}},"3":{"start":{"line":13,"column":5},"end":{"line":22,"column":7}},"4":{"start":{"line":19,"column":11},"end":{"line":19,"column":46}}},"fnMap":{"0":{"name":"(anonymous_0)","decl":{"start":{"line":6,"column":3},"end":{"line":6,"column":4}},"loc":{"start":{"line":6,"column":20},"end":{"line":8,"column":4}},"line":6},"1":{"name":"(anonymous_1)","decl":{"start":{"line":10,"column":3},"end":{"line":10,"column":4}},"loc":{"start":{"line":10,"column":12},"end":{"line":23,"column":4}},"line":10},"2":{"name":"(anonymous_2)","decl":{"start":{"line":18,"column":19},"end":{"line":18,"column":20}},"loc":{"start":{"line":18,"column":30},"end":{"line":20,"column":10}},"line":18}},"branchMap":{},"s":{"0":1,"1":1,"2":2,"3":2,"4":1},"f":{"0":1,"1":2,"2":1},"b":{},"_coverageSchema":"1a1c01bbd47fc00a2c39e90264f33305004495a9","hash":"392822a026a6b2aa5bfd11d062ac56c8883db745"}
}
