TN:
SF:src\App.js
FN:18,(anonymous_0)
FN:20,(anonymous_1)
FN:27,(anonymous_2)
FN:31,(anonymous_3)
FN:32,(anonymous_4)
FN:35,(anonymous_5)
FN:42,(anonymous_6)
FNF:7
FNH:7
FNDA:5,(anonymous_0)
FNDA:5,(anonymous_1)
FNDA:4,(anonymous_2)
FNDA:2,(anonymous_3)
FNDA:2,(anonymous_4)
FNDA:250,(anonymous_5)
FNDA:10,(anonymous_6)
DA:11,5
DA:19,5
DA:20,5
DA:21,5
DA:22,3
DA:28,4
DA:31,5
DA:32,2
DA:33,2
DA:35,250
DA:36,2
DA:43,10
LF:12
LH:12
BRDA:21,0,0,3
BRDA:21,0,1,2
BRDA:33,1,0,1
BRDA:33,1,1,1
BRF:4
BRH:4
end_of_record
TN:
SF:src\CitySearch.js
FN:11,(anonymous_0)
FN:13,(anonymous_1)
FN:22,(anonymous_2)
FN:31,(anonymous_3)
FN:39,(anonymous_4)
FN:43,(anonymous_5)
FN:46,(anonymous_6)
FN:49,(anonymous_7)
FNF:8
FNH:8
FNDA:2,(anonymous_0)
FNDA:30,(anonymous_1)
FNDA:4,(anonymous_2)
FNDA:22,(anonymous_3)
FNDA:1,(anonymous_4)
FNDA:82,(anonymous_5)
FNDA:2,(anonymous_6)
FNDA:1,(anonymous_7)
DA:6,5
DA:11,5
DA:12,2
DA:13,2
DA:14,30
DA:16,2
DA:22,5
DA:23,4
DA:28,4
DA:32,22
DA:39,1
DA:44,82
DA:46,2
DA:49,1
LF:14
LH:14
BRDA:42,0,0,1
BRDA:42,0,1,21
BRF:2
BRH:2
end_of_record
TN:
SF:src\EventList.js
FN:7,(anonymous_0)
FN:11,(anonymous_1)
FNF:2
FNH:2
FNDA:8,(anonymous_0)
FNDA:763,(anonymous_1)
DA:8,8
DA:9,8
DA:12,763
LF:3
LH:3
BRF:0
BRH:0
end_of_record
TN:
SF:src\api.js
FN:14,(anonymous_0)
FN:15,(anonymous_1)
FN:19,(anonymous_2)
FN:23,(anonymous_3)
FN:24,(anonymous_4)
FN:29,(anonymous_5)
FN:44,(anonymous_6)
FN:66,(anonymous_7)
FN:94,(anonymous_8)
FNF:9
FNH:3
FNDA:6,(anonymous_0)
FNDA:1500,(anonymous_1)
FNDA:0,(anonymous_2)
FNDA:0,(anonymous_3)
FNDA:0,(anonymous_4)
FNDA:0,(anonymous_5)
FNDA:0,(anonymous_6)
FNDA:9,(anonymous_7)
FNDA:0,(anonymous_8)
DA:14,2
DA:15,1500
DA:16,6
DA:17,6
DA:19,2
DA:20,0
DA:23,0
DA:24,0
DA:26,0
DA:29,2
DA:30,0
DA:32,0
DA:36,0
DA:38,0
DA:39,0
DA:44,2
DA:45,0
DA:46,0
DA:48,0
DA:53,0
DA:54,0
DA:56,0
DA:57,0
DA:58,0
DA:60,0
DA:66,2
DA:67,9
DA:69,9
DA:70,9
DA:71,9
DA:74,0
DA:76,0
DA:77,0
DA:79,0
DA:82,0
DA:83,0
DA:84,0
DA:85,0
DA:86,0
DA:88,0
DA:89,0
DA:94,2
DA:95,0
DA:96,0
DA:98,0
DA:99,0
DA:100,0
DA:101,0
DA:102,0
DA:103,0
DA:106,0
DA:107,0
DA:109,0
DA:111,0
LF:54
LH:13
BRDA:30,0,0,0
BRDA:30,0,1,0
BRDA:30,1,0,0
BRDA:30,1,1,0
BRDA:53,2,0,0
BRDA:53,2,1,0
BRDA:57,3,0,0
BRDA:57,3,1,0
BRDA:69,4,0,9
BRDA:69,4,1,0
BRDA:76,5,0,0
BRDA:76,5,1,0
BRDA:83,6,0,0
BRDA:83,6,1,0
BRDA:96,7,0,0
BRDA:96,7,1,0
BRDA:98,8,0,0
BRDA:98,8,1,0
BRDA:98,9,0,0
BRDA:98,9,1,0
BRDA:102,10,0,0
BRDA:102,10,1,0
BRDA:109,11,0,0
BRDA:109,11,1,0
BRF:24
BRH:1
end_of_record
TN:
SF:src\mock-data.js
FNF:0
FNH:0
DA:3,2
LF:1
LH:1
BRF:0
BRH:0
end_of_record
