TN:
SF:src\App.js
FN:18,(anonymous_0)
FN:20,(anonymous_1)
FN:27,(anonymous_2)
FN:31,(anonymous_3)
FN:32,(anonymous_4)
FN:35,(anonymous_5)
FN:42,(anonymous_6)
FNF:7
FNH:7
FNDA:5,(anonymous_0)
FNDA:5,(anonymous_1)
FNDA:4,(anonymous_2)
FNDA:2,(anonymous_3)
FNDA:2,(anonymous_4)
FNDA:250,(anonymous_5)
FNDA:10,(anonymous_6)
DA:11,5
DA:19,5
DA:20,5
DA:21,5
DA:22,3
DA:28,4
DA:31,5
DA:32,2
DA:33,2
DA:35,250
DA:36,2
DA:43,10
LF:12
LH:12
BRDA:21,0,0,3
BRDA:21,0,1,2
BRDA:33,1,0,1
BRDA:33,1,1,1
BRF:4
BRH:4
end_of_record
TN:
SF:src\NumberofEvents.js
FN:6,(anonymous_0)
FN:10,(anonymous_1)
FN:18,(anonymous_2)
FNF:3
FNH:3
FNDA:1,(anonymous_0)
FNDA:2,(anonymous_1)
FNDA:1,(anonymous_2)
DA:4,1
DA:7,1
DA:11,2
DA:13,2
DA:19,1
LF:5
LH:5
BRF:0
BRH:0
end_of_record
